<?xml version="1.0" encoding="UTF-8" standalone="no"?>
<testsuite errors="0" failures="0" name="io.cucumber.core.plugin.JUnitFormatter" skipped="0" tests="2" time="45.218">
<testcase classname="Test login functionality" name="Check login is successful with valid credentials" time="24.294">
<system-out><![CDATA[Given browser is open.......................................................passed
And user is on login page...................................................passed
When user enters Prakash@lapits.com and Prakash@12345678....................passed
And user clicks on login....................................................passed
Then user is navigated to the home page.....................................passed
]]></system-out>
</testcase>
<testcase classname="Test login functionality" name="Check login is successful with valid credentials 2" time="20.21">
<system-out><![CDATA[Given browser is open.......................................................passed
And user is on login page...................................................passed
When user enters Prakashnimje800@gmail.com and Prakash@8055.................passed
And user clicks on login....................................................passed
Then user is navigated to the home page.....................................passed
]]></system-out>
</testcase>
</testsuite>
